cloudplaybacklibrary/build/intermediates/proguard-rules/release/aapt_rules.txt
# Generated by the gradle plugin
-keep class com.ivyiot.playback.DateLine { <init>(...); }
-keep class com.ivyiot.playback.TimeLineView { <init>(...); }