cloudplaybacklibrary/build/outputs/mapping/release/seeds.txt
androidx.vectordrawable.animated.R
androidx.vectordrawable.animated.R$attr
androidx.vectordrawable.animated.R$attr: int alpha
androidx.vectordrawable.animated.R$attr: int font
androidx.vectordrawable.animated.R$attr: int fontProviderAuthority
androidx.vectordrawable.animated.R$attr: int fontProviderCerts
androidx.vectordrawable.animated.R$attr: int fontProviderFetchStrategy
androidx.vectordrawable.animated.R$attr: int fontProviderFetchTimeout
androidx.vectordrawable.animated.R$attr: int fontProviderPackage
androidx.vectordrawable.animated.R$attr: int fontProviderQuery
androidx.vectordrawable.animated.R$attr: int fontStyle
androidx.vectordrawable.animated.R$attr: int fontVariationSettings
androidx.vectordrawable.animated.R$attr: int fontWeight
androidx.vectordrawable.animated.R$attr: int ttcIndex
androidx.vectordrawable.animated.R$color
androidx.vectordrawable.animated.R$color: int notification_action_color_filter
androidx.vectordrawable.animated.R$color: int notification_icon_bg_color
androidx.vectordrawable.animated.R$color: int ripple_material_light
androidx.vectordrawable.animated.R$color: int secondary_text_default_material_light
androidx.vectordrawable.animated.R$dimen
androidx.vectordrawable.animated.R$dimen: int compat_button_inset_horizontal_material
androidx.vectordrawable.animated.R$dimen: int compat_button_inset_vertical_material
androidx.vectordrawable.animated.R$dimen: int compat_button_padding_horizontal_material
androidx.vectordrawable.animated.R$dimen: int compat_button_padding_vertical_material
androidx.vectordrawable.animated.R$dimen: int compat_control_corner_material
androidx.vectordrawable.animated.R$dimen: int compat_notification_large_icon_max_height
androidx.vectordrawable.animated.R$dimen: int compat_notification_large_icon_max_width
androidx.vectordrawable.animated.R$dimen: int notification_action_icon_size
androidx.vectordrawable.animated.R$dimen: int notification_action_text_size
androidx.vectordrawable.animated.R$dimen: int notification_big_circle_margin
androidx.vectordrawable.animated.R$dimen: int notification_content_margin_start
androidx.vectordrawable.animated.R$dimen: int notification_large_icon_height
androidx.vectordrawable.animated.R$dimen: int notification_large_icon_width
androidx.vectordrawable.animated.R$dimen: int notification_main_column_padding_top
androidx.vectordrawable.animated.R$dimen: int notification_media_narrow_margin
androidx.vectordrawable.animated.R$dimen: int notification_right_icon_size
androidx.vectordrawable.animated.R$dimen: int notification_right_side_padding_top
androidx.vectordrawable.animated.R$drawable
androidx.vectordrawable.animated.R$drawable: int notification_action_background
androidx.vectordrawable.animated.R$drawable: int notification_bg
androidx.vectordrawable.animated.R$drawable: int notification_bg_low
androidx.vectordrawable.animated.R$drawable: int notification_bg_low_normal
androidx.vectordrawable.animated.R$drawable: int notification_bg_low_pressed
androidx.vectordrawable.animated.R$drawable: int notification_bg_normal
androidx.vectordrawable.animated.R$drawable: int notification_bg_normal_pressed
androidx.vectordrawable.animated.R$drawable: int notification_icon_background
androidx.vectordrawable.animated.R$drawable: int notification_template_icon_bg
androidx.vectordrawable.animated.R$drawable: int notification_template_icon_low_bg
androidx.vectordrawable.animated.R$drawable: int notification_tile_bg
androidx.vectordrawable.animated.R$drawable: int notify_panel_notification_icon_bg