cloudplaybacklibrary/build/outputs/mapping/release/mapping.txt
androidx.core.R$layout -> androidx.core.R$layout:
    int custom_dialog -> custom_dialog
    int notification_action -> notification_action
    int notification_action_tombstone -> notification_action_tombstone
    int notification_template_custom_big -> notification_template_custom_big
    int notification_template_icon_group -> notification_template_icon_group
    int notification_template_part_chronometer -> notification_template_part_chronometer
    int notification_template_part_time -> notification_template_part_time
    void <init>() -> <init>
    void <clinit>() -> <clinit>
androidx.core.R$string -> androidx.core.R$string:
    int status_bar_notification_info_overflow -> status_bar_notification_info_overflow
    void <init>() -> <init>
    void <clinit>() -> <clinit>
androidx.core.R$style -> androidx.core.R$style:
    int TextAppearance_Compat_Notification -> TextAppearance_Compat_Notification
    int TextAppearance_Compat_Notification_Info -> TextAppearance_Compat_Notification_Info
    int TextAppearance_Compat_Notification_Line2 -> TextAppearance_Compat_Notification_Line2
    int TextAppearance_Compat_Notification_Time -> TextAppearance_Compat_Notification_Time
    int TextAppearance_Compat_Notification_Title -> TextAppearance_Compat_Notification_Title
    int Widget_Compat_NotificationActionContainer -> Widget_Compat_NotificationActionContainer
    int Widget_Compat_NotificationActionText -> Widget_Compat_NotificationActionText
    void <init>() -> <init>
    void <clinit>() -> <clinit>
androidx.core.R$styleable -> androidx.core.R$styleable:
    int[] ColorStateListItem -> ColorStateListItem
    int ColorStateListItem_alpha -> ColorStateListItem_alpha
    int ColorStateListItem_android_alpha -> ColorStateListItem_android_alpha
    int ColorStateListItem_android_color -> ColorStateListItem_android_color
    int[] FontFamily -> FontFamily
    int FontFamily_fontProviderAuthority -> FontFamily_fontProviderAuthority
    int FontFamily_fontProviderCerts -> FontFamily_fontProviderCerts
    int FontFamily_fontProviderFetchStrategy -> FontFamily_fontProviderFetchStrategy
    int FontFamily_fontProviderFetchTimeout -> FontFamily_fontProviderFetchTimeout
    int FontFamily_fontProviderPackage -> FontFamily_fontProviderPackage
    int FontFamily_fontProviderQuery -> FontFamily_fontProviderQuery
    int[] FontFamilyFont -> FontFamilyFont
    int FontFamilyFont_android_font -> FontFamilyFont_android_font
    int FontFamilyFont_android_fontStyle -> FontFamilyFont_android_fontStyle
    int FontFamilyFont_android_fontVariationSettings -> FontFamilyFont_android_fontVariationSettings
    int FontFamilyFont_android_fontWeight -> FontFamilyFont_android_fontWeight
    int FontFamilyFont_android_ttcIndex -> FontFamilyFont_android_ttcIndex
    int FontFamilyFont_font -> FontFamilyFont_font
    int FontFamilyFont_fontStyle -> FontFamilyFont_fontStyle
    int FontFamilyFont_fontVariationSettings -> FontFamilyFont_fontVariationSettings
androidx.cursoradapter.R -> androidx.cursoradapter.R:
    void <init>() -> <init>
androidx.customview.R -> androidx.customview.R:
    void <init>() -> <init>
androidx.customview.R$attr -> androidx.customview.R$attr:
    int alpha -> alpha
    int font -> font
    int fontProviderAuthority -> fontProviderAuthority
    int fontProviderCerts -> fontProviderCerts
    int fontProviderFetchStrategy -> fontProviderFetchStrategy
    int fontProviderFetchTimeout -> fontProviderFetchTimeout
    int fontProviderPackage -> fontProviderPackage
    int fontProviderQuery -> fontProviderQuery
    int fontStyle -> fontStyle
    int fontVariationSettings -> fontVariationSettings
    int fontWeight -> fontWeight
    int ttcIndex -> ttcIndex
    void <init>() -> <init>
    void <clinit>() -> <clinit>