cloudplaybacklibrary/build/outputs/mapping/release/usage.txt
com.ivyiot.playback.BuildConfig
com.ivyiot.playback.CalendarUtils$SildeDirection